<?xml version="1.0" encoding="UTF-8"?>
<!-- Generated by org.testng.reporters.JUnitXMLReporter -->
<testsuite hostname="DESKTOP-OQPFD7J" ignored="0" name="Command line test" tests="5" failures="1" timestamp="2019-03-18T15:19:53 CST" time="212.089" errors="0">
  <testcase name="AddToCartBasicFlow" time="29.413" classname="test.java.AddToCartWeaveSocksTest"/>
  <testcase name="CheckOutTestAlternativeFlow1" time="38.371" classname="test.java.CheckOutWeaveSocksTest">
    <failure type="java.lang.AssertionError" message="expected [Could not place order. Missing shipping or payment information.1] but found [Could not place order. Missing shipping or payment information.]">
      <![CDATA[java.lang.AssertionError: expected [Could not place order. Missing shipping or payment information.1] but found [Could not place order. Missing shipping or payment information.]
at test.java.CheckOutWeaveSocksTest.CheckOutTestAlternativeFlow1(CheckOutWeaveSocksTest.java:67)
... Removed 42 stack frames]]>
    </failure>
  </testcase> <!-- CheckOutTestAlternativeFlow1 -->
  <testcase name="CheckOutTestAlternativeFlow2" time="56.298" classname="test.java.CheckOutWeaveSocksTest"/>
  <testcase name="CheckOutTestBasicFlow" time="48.688" classname="test.java.CheckOutWeaveSocksTest"/>
  <testcase name="LoginTestBasicFlow" time="28.363" classname="test.java.LoginWeaveSocksTest"/>
</testsuite> <!-- Command line test -->
